Unity Editor version:    2022.3.12f1 (4fe6e059c7ef)
Branch:                  2022.3/release
Build type:              Release
Batch mode:              YES
macOS version:           Version 13.5 (Build 22G74)
Darwin version:          22.6.0
Architecture:            arm64
Running under Rosetta:   NO
Available memory:        32768 MB
Using pre-set license
Pro License: YES

COMMAND LINE ARGUMENTS:
/Applications/Unity/Hub/Editor/2022.3.12f1/Unity.app/Contents/MacOS/Unity
-adb2
-batchMode
-noUpm
-name
AssetImportWorker2
-projectPath
/Users/mariemcdermott221/Documents/GitHub/Final/Final
-logFile
Logs/AssetImportWorker2.log
-srvPort
49659
Successfully changed project path to: /Users/mariemcdermott221/Documents/GitHub/Final/Final
/Users/mariemcdermott221/Documents/GitHub/Final/Final
[UnityMemory] Configuration Parameters - Can be set up in boot.config
    "memorysetup-bucket-allocator-granularity=16"
    "memorysetup-bucket-allocator-bucket-count=8"
    "memorysetup-bucket-allocator-block-size=33554432"
    "memorysetup-bucket-allocator-block-count=8"
    "memorysetup-main-allocator-block-size=16777216"
    "memorysetup-thread-allocator-block-size=16777216"
    "memorysetup-gfx-main-allocator-block-size=16777216"
    "memorysetup-gfx-thread-allocator-block-size=16777216"
    "memorysetup-cache-allocator-block-size=4194304"
    "memorysetup-typetree-allocator-block-size=2097152"
    "memorysetup-profiler-bucket-allocator-granularity=16"
    "memorysetup-profiler-bucket-allocator-bucket-count=8"
    "memorysetup-profiler-bucket-allocator-block-size=33554432"
    "memorysetup-profiler-bucket-allocator-block-count=8"
    "memorysetup-profiler-allocator-block-size=16777216"
    "memorysetup-profiler-editor-allocator-block-size=1048576"
    "memorysetup-temp-allocator-size-main=16777216"
    "memorysetup-job-temp-allocator-block-size=2097152"
    "memorysetup-job-temp-allocator-block-size-background=1048576"
    "memorysetup-job-temp-allocator-reduction-small-platforms=262144"
    "memorysetup-allocator-temp-initial-block-size-main=262144"
    "memorysetup-allocator-temp-initial-block-size-worker=262144"
    "memorysetup-temp-allocator-size-background-worker=32768"
    "memorysetup-temp-allocator-size-job-worker=262144"
    "memorysetup-temp-allocator-size-preload-manager=33554432"
    "memorysetup-temp-allocator-size-nav-mesh-worker=65536"
    "memorysetup-temp-allocator-size-audio-worker=65536"
    "memorysetup-temp-allocator-size-cloud-worker=32768"
    "memorysetup-temp-allocator-size-gi-baking-worker=262144"
    "memorysetup-temp-allocator-size-gfx=262144"
Player connection [8194007168] Host "[IP] 10.94.19.167 [Port] 0 [Flags] 2 [Guid] 2046426215 [EditorId] 2046426215 [Version] 1048832 [Id] OSXEditor(0,mac-studio.rusd.edu) [Debug] 1 [PackageName] OSXEditor [ProjectName] Editor" joined multi-casting on [225.0.0.222:54997]...

Player connection [8194007168] Host "[IP] 10.94.19.167 [Port] 0 [Flags] 2 [Guid] 2046426215 [EditorId] 2046426215 [Version] 1048832 [Id] OSXEditor(0,mac-studio.rusd.edu) [Debug] 1 [PackageName] OSXEditor [ProjectName] Editor" joined alternative multi-casting on [225.0.0.222:34997]...

[Physics::Module] Initialized MultithreadedJobDispatcher with 11 workers.
Refreshing native plugins compatible for Editor in 1.95 ms, found 2 plugins.
Preloading 0 native plugins for Editor in 0.00 ms.
Initialize engine version: 2022.3.12f1 (4fe6e059c7ef)
[Subsystems] Discovering subsystems at path /Applications/Unity/Hub/Editor/2022.3.12f1/Unity.app/Contents/Resources/UnitySubsystems
[Subsystems] Discovering subsystems at path /Users/mariemcdermott221/Documents/GitHub/Final/Final/Assets
GfxDevice: creating device client; threaded=0; jobified=0
 preferred device: Apple M2 Max (high power)
Metal devices available: 1
0: Apple M2 Max (high power)
Using device Apple M2 Max (high power)
Initializing Metal device caps: Apple M2 Max
Initialize mono
Mono path[0] = '/Applications/Unity/Hub/Editor/2022.3.12f1/Unity.app/Contents/Managed'
Mono path[1] = '/Applications/Unity/Hub/Editor/2022.3.12f1/Unity.app/Contents/MonoBleedingEdge/lib/mono/unityjit-macos'
Mono config path = '/Applications/Unity/Hub/Editor/2022.3.12f1/Unity.app/Contents/MonoBleedingEdge/etc'
Using monoOptions --debugger-agent=transport=dt_socket,embedding=1,server=y,suspend=n,address=127.0.0.1:56232
Begin MonoManager ReloadAssembly
Registering precompiled unity dll's ...
Register platform support module: /Applications/Unity/Hub/Editor/2022.3.12f1/PlaybackEngines/WebGLSupport/UnityEditor.WebGL.Extensions.dll
Register platform support module: /Applications/Unity/Hub/Editor/2022.3.12f1/Unity.app/Contents/PlaybackEngines/MacStandaloneSupport/UnityEditor.OSXStandalone.Extensions.dll
Registered in 0.000905 seconds.
- Loaded All Assemblies, in  0.163 seconds
Native extension for OSXStandalone target not found
Native extension for WebGL target not found
Mono: successfully reloaded assembly
- Finished resetting the current domain, in  0.121 seconds
Domain Reload Profiling: 284ms
	BeginReloadAssembly (36ms)
		ExecutionOrderSort (0ms)
		DisableScriptedObjects (0ms)
		BackupInstance (0ms)
		ReleaseScriptingObjects (0ms)
		CreateAndSetChildDomain (0ms)
	RebuildCommonClasses (19ms)
	RebuildNativeTypeToScriptingClass (7ms)
	initialDomainReloadingComplete (24ms)
	LoadAllAssembliesAndSetupDomain (77ms)
		LoadAssemblies (36ms)
		RebuildTransferFunctionScriptingTraits (0ms)
		AnalyzeDomain (76ms)
			TypeCache.Refresh (75ms)
				TypeCache.ScanAssembly (68ms)
			ScanForSourceGeneratedMonoScriptInfo (0ms)
			ResolveRequiredComponents (0ms)
	FinalizeReload (121ms)
		ReleaseScriptCaches (0ms)
		RebuildScriptCaches (0ms)
		SetupLoadedEditorAssemblies (90ms)
			LogAssemblyErrors (0ms)
			InitializePlatformSupportModulesInManaged (4ms)
			SetLoadedEditorAssemblies (3ms)
			RefreshPlugins (0ms)
			BeforeProcessingInitializeOnLoad (1ms)
			ProcessInitializeOnLoadAttributes (61ms)
			ProcessInitializeOnLoadMethodAttributes (21ms)
			AfterProcessingInitializeOnLoad (0ms)
			EditorAssembliesLoaded (0ms)
		ExecutionOrderSort2 (0ms)
		AwakeInstancesAfterBackupRestoration (0ms)
========================================================================
Worker process is ready to serve import requests
Begin MonoManager ReloadAssembly
- Loaded All Assemblies, in  0.283 seconds
Refreshing native plugins compatible for Editor in 0.90 ms, found 2 plugins.
Native extension for OSXStandalone target not found
Native extension for WebGL target not found
Package Manager log level set to [2]
[Package Manager] Server::EnsureServerProcessIsRunning -- launch failed, reason: Unity was launched with the -noUpm command-line argument
[Package Manager] UpmClient::Send -- Unable to send message (not connected to UPM process).
[Package Manager] Cannot connect to Unity Package Manager local server
Mono: successfully reloaded assembly
- Finished resetting the current domain, in  0.259 seconds
Domain Reload Profiling: 542ms
	BeginReloadAssembly (63ms)
		ExecutionOrderSort (0ms)
		DisableScriptedObjects (3ms)
		BackupInstance (0ms)
		ReleaseScriptingObjects (0ms)
		CreateAndSetChildDomain (16ms)
	RebuildCommonClasses (20ms)
	RebuildNativeTypeToScriptingClass (7ms)
	initialDomainReloadingComplete (19ms)
	LoadAllAssembliesAndSetupDomain (173ms)
		LoadAssemblies (104ms)
		RebuildTransferFunctionScriptingTraits (0ms)
		AnalyzeDomain (95ms)
			TypeCache.Refresh (87ms)
				TypeCache.ScanAssembly (78ms)
			ScanForSourceGeneratedMonoScriptInfo (6ms)
			ResolveRequiredComponents (2ms)
	FinalizeReload (259ms)
		ReleaseScriptCaches (0ms)
		RebuildScriptCaches (0ms)
		SetupLoadedEditorAssemblies (186ms)
			LogAssemblyErrors (0ms)
			InitializePlatformSupportModulesInManaged (2ms)
			SetLoadedEditorAssemblies (2ms)
			RefreshPlugins (0ms)
			BeforeProcessingInitializeOnLoad (25ms)
			ProcessInitializeOnLoadAttributes (148ms)
			ProcessInitializeOnLoadMethodAttributes (9ms)
			AfterProcessingInitializeOnLoad (1ms)
			EditorAssembliesLoaded (0ms)
		ExecutionOrderSort2 (0ms)
		AwakeInstancesAfterBackupRestoration (2ms)
Launching external process: /Applications/Unity/Hub/Editor/2022.3.12f1/Unity.app/Contents/Tools/UnityShaderCompiler
Launched and connected shader compiler UnityShaderCompiler after 0.05 seconds
Refreshing native plugins compatible for Editor in 0.77 ms, found 2 plugins.
Preloading 0 native plugins for Editor in 0.00 ms.
Unloading 3082 Unused Serialized files (Serialized files now loaded: 0)
Unloading 32 unused Assets / (51.0 KB). Loaded Objects now: 3543.
Memory consumption went from 125.8 MB to 125.7 MB.
Total: 1.987292 ms (FindLiveObjects: 0.073416 ms CreateObjectMapping: 0.038500 ms MarkObjects: 1.817875 ms  DeleteObjects: 0.057042 ms)

AssetImportParameters requested are different than current active one (requested -> active):
  custom:container-demuxer-ogg: 62fdf1f143b41e24485cea50d1cbac27 -> 
  custom:video-decoder-ogg-theora: a1e56fd34408186e4bbccfd4996cb3dc -> 
  custom:CustomObjectIndexerAttribute: 756ad292c208cfabdd7b50bc23989ffe -> 
  custom:container-demuxer-webm: 4f35f7cbe854078d1ac9338744f61a02 -> 
  custom:container-muxer-webm: aa71ff27fc2769a1b78a27578f13a17b -> 
  custom:video-decoder-webm-vp8: 9c59270c3fd7afecdb556c50c9e8de78 -> 
  custom:SearchIndexIgnoredProperties: e643bd26f0fe6173181afceb89e7c659 -> 
  custom:AudioImporter_EditorPlatform: 3918e3fc78b5a79bad01e8451be0beb8 -> 
  custom:framework-osx-AVFoundation: e770b220cccbd017edd2c1fefb359320 -> 
  custom:video-encoder-webm-vp8: eb34c28f22e8b96e1ab97ce403110664 -> 
  custom:audio-decoder-ogg-vorbis: bf7c407c2cedff20999df2af8eb42d56 -> 
  custom:audio-encoder-webm-vorbis: bf7c407c2cedff20999df2af8eb42d56 -> 
========================================================================
Received Import Request.
  Time since last request: 640.648504 seconds.
  path: Assets/drive-download-20231211T194408Z-001/License.txt
  artifactKey: Guid(9a22568c2da0e4b1cbb78022fcd3ca45) Importer(815301076,1909f56bfc062723c751e8b465ee728b)
Start importing Assets/drive-download-20231211T194408Z-001/License.txt using Guid(9a22568c2da0e4b1cbb78022fcd3ca45) Importer(815301076,1909f56bfc062723c751e8b465ee728b)  -> (artifact id: 'd01ea9f6af0571636b514fde0f385d55') in 0.007280 seconds
Number of updated asset objects reloaded before import = 0
Number of asset objects unloaded after import = 1
========================================================================
Received Import Request.
  Time since last request: 35.405408 seconds.
  path: Assets/drive-download-20231211T194408Z-001/View Documentation.url
  artifactKey: Guid(665e2855d37e34c6b8cc3b308981dd7a) Importer(815301076,1909f56bfc062723c751e8b465ee728b)
Start importing Assets/drive-download-20231211T194408Z-001/View Documentation.url using Guid(665e2855d37e34c6b8cc3b308981dd7a) Importer(815301076,1909f56bfc062723c751e8b465ee728b)  -> (artifact id: 'd48aaf5380a130c747772567e9c728dd') in 0.000803 seconds
Number of updated asset objects reloaded before import = 0
Number of asset objects unloaded after import = 1
========================================================================
Received Import Request.
  Time since last request: 1.371264 seconds.
  path: Assets/drive-download-20231211T194408Z-001/Visit Kenney.url
  artifactKey: Guid(c2951340b5eaf4d07b82e22e08e606e4) Importer(815301076,1909f56bfc062723c751e8b465ee728b)
Start importing Assets/drive-download-20231211T194408Z-001/Visit Kenney.url using Guid(c2951340b5eaf4d07b82e22e08e606e4) Importer(815301076,1909f56bfc062723c751e8b465ee728b)  -> (artifact id: 'dc874a1b645bd4578e0a5fd3295aea93') in 0.000990 seconds
Number of updated asset objects reloaded before import = 0
Number of asset objects unloaded after import = 1
========================================================================
Received Import Request.
  Time since last request: 0.576094 seconds.
  path: Assets/drive-download-20231211T194408Z-001/Visit Patreon.url
  artifactKey: Guid(d4881da5e50db4e608bb6f7225fe209c) Importer(815301076,1909f56bfc062723c751e8b465ee728b)
Start importing Assets/drive-download-20231211T194408Z-001/Visit Patreon.url using Guid(d4881da5e50db4e608bb6f7225fe209c) Importer(815301076,1909f56bfc062723c751e8b465ee728b)  -> (artifact id: '553c44d24ad44d870be2f6eb2d4e3d32') in 0.001031 seconds
Number of updated asset objects reloaded before import = 0
Number of asset objects unloaded after import = 1
========================================================================
Received Import Request.
  Time since last request: 18.427434 seconds.
  path: Assets/drive-download-20231211T194408Z-001/Overview.html
  artifactKey: Guid(122dd1a8ab9074a8da298a90e1fcd983) Importer(815301076,1909f56bfc062723c751e8b465ee728b)
Start importing Assets/drive-download-20231211T194408Z-001/Overview.html using Guid(122dd1a8ab9074a8da298a90e1fcd983) Importer(815301076,1909f56bfc062723c751e8b465ee728b)  -> (artifact id: '2be4466f32da4ea081d98e42b1bfab3e') in 0.001102 seconds
Number of updated asset objects reloaded before import = 0
Number of asset objects unloaded after import = 1
========================================================================
Received Import Request.
  Time since last request: 10.022993 seconds.
  path: Assets/drive-download-20231211T194408Z-001/Models
  artifactKey: Guid(e3495f5a664ad463c903720bb97d4bbd) Importer(815301076,1909f56bfc062723c751e8b465ee728b)
Start importing Assets/drive-download-20231211T194408Z-001/Models using Guid(e3495f5a664ad463c903720bb97d4bbd) Importer(815301076,1909f56bfc062723c751e8b465ee728b)  -> (artifact id: '37692c6d57bcaf0caed6b6dd4a0fe177') in 0.000524 seconds
Number of updated asset objects reloaded before import = 0
Number of asset objects unloaded after import = 0
========================================================================
Received Import Request.
  Time since last request: 0.942773 seconds.
  path: Assets/drive-download-20231211T194408Z-001/Models/FBX format
  artifactKey: Guid(be893c89b84154187a86847a10990780) Importer(815301076,1909f56bfc062723c751e8b465ee728b)
Start importing Assets/drive-download-20231211T194408Z-001/Models/FBX format using Guid(be893c89b84154187a86847a10990780) Importer(815301076,1909f56bfc062723c751e8b465ee728b)  -> (artifact id: '49862ac498dc6086a0a50df507ee92d1') in 0.000360 seconds
Number of updated asset objects reloaded before import = 0
Number of asset objects unloaded after import = 0
========================================================================
Received Import Request.
  Time since last request: 0.107253 seconds.
  path: Assets/drive-download-20231211T194408Z-001/Models/FBX format/banner.fbx
  artifactKey: Guid(e368e998928694b7a997f0e3426cf295) Importer(815301076,1909f56bfc062723c751e8b465ee728b)
Start importing Assets/drive-download-20231211T194408Z-001/Models/FBX format/banner.fbx using Guid(e368e998928694b7a997f0e3426cf295) Importer(815301076,1909f56bfc062723c751e8b465ee728b)  -> (artifact id: '962bfe1235e160e6eab4b6d543392466') in 0.258111 seconds
Number of updated asset objects reloaded before import = 0
Number of asset objects unloaded after import = 9
========================================================================
Received Import Request.
  Time since last request: 0.000027 seconds.
  path: Assets/drive-download-20231211T194408Z-001/Models/FBX format/wall-narrow.fbx
  artifactKey: Guid(700f582e17335429195b22c08a4f74fd) Importer(815301076,1909f56bfc062723c751e8b465ee728b)
Start importing Assets/drive-download-20231211T194408Z-001/Models/FBX format/wall-narrow.fbx using Guid(700f582e17335429195b22c08a4f74fd) Importer(815301076,1909f56bfc062723c751e8b465ee728b)  -> (artifact id: 'e2a0da8ea82a270b4c72f3362e0de8cb') in 0.006057 seconds
Number of updated asset objects reloaded before import = 0
Number of asset objects unloaded after import = 9
========================================================================
Received Import Request.
  Time since last request: 0.000038 seconds.
  path: Assets/drive-download-20231211T194408Z-001/Models/FBX format/column.fbx
  artifactKey: Guid(8f6d14156d66f4fa9a825f5ec61f94e1) Importer(815301076,1909f56bfc062723c751e8b465ee728b)
Start importing Assets/drive-download-20231211T194408Z-001/Models/FBX format/column.fbx using Guid(8f6d14156d66f4fa9a825f5ec61f94e1) Importer(815301076,1909f56bfc062723c751e8b465ee728b)  -> (artifact id: '09f39e542f835aded6241b37a18b3df8') in 0.005687 seconds
Number of updated asset objects reloaded before import = 0
Number of asset objects unloaded after import = 9
========================================================================
Received Import Request.
  Time since last request: 0.000032 seconds.
  path: Assets/drive-download-20231211T194408Z-001/Models/FBX format/dirt.fbx
  artifactKey: Guid(6f2e04eb8e20d43d2913ac6d51b851c1) Importer(815301076,1909f56bfc062723c751e8b465ee728b)
Start importing Assets/drive-download-20231211T194408Z-001/Models/FBX format/dirt.fbx using Guid(6f2e04eb8e20d43d2913ac6d51b851c1) Importer(815301076,1909f56bfc062723c751e8b465ee728b)  -> (artifact id: 'e42b8cafc17c3ea2fb7ad5fe63935343') in 0.005224 seconds
Number of updated asset objects reloaded before import = 0
Number of asset objects unloaded after import = 9
========================================================================
Received Import Request.
  Time since last request: 0.000037 seconds.
  path: Assets/drive-download-20231211T194408Z-001/Models/FBX format/gate.fbx
  artifactKey: Guid(aac74926a82c348cfa95091ef0e1bb47) Importer(815301076,1909f56bfc062723c751e8b465ee728b)
Start importing Assets/drive-download-20231211T194408Z-001/Models/FBX format/gate.fbx using Guid(aac74926a82c348cfa95091ef0e1bb47) Importer(815301076,1909f56bfc062723c751e8b465ee728b)  -> (artifact id: '5f8631614bb38fca1fea2f5fb6d6a00c') in 0.007428 seconds
Number of updated asset objects reloaded before import = 0
Number of asset objects unloaded after import = 14
========================================================================
Received Import Request.
  Time since last request: 0.000048 seconds.
  path: Assets/drive-download-20231211T194408Z-001/Models/FBX format/chest.fbx
  artifactKey: Guid(0ab4b10d219bf49d2b235599a6fe3b83) Importer(815301076,1909f56bfc062723c751e8b465ee728b)
Start importing Assets/drive-download-20231211T194408Z-001/Models/FBX format/chest.fbx using Guid(0ab4b10d219bf49d2b235599a6fe3b83) Importer(815301076,1909f56bfc062723c751e8b465ee728b)  -> (artifact id: '626d1df6cfd28e3bc6cfce091e6ea96b') in 0.008475 seconds
Number of updated asset objects reloaded before import = 0
Number of asset objects unloaded after import = 17
========================================================================
Received Import Request.
  Time since last request: 0.000037 seconds.
  path: Assets/drive-download-20231211T194408Z-001/Models/FBX format/stairs.fbx
  artifactKey: Guid(22b6d77b1fde4420fb03be4f54d40f23) Importer(815301076,1909f56bfc062723c751e8b465ee728b)
Start importing Assets/drive-download-20231211T194408Z-001/Models/FBX format/stairs.fbx using Guid(22b6d77b1fde4420fb03be4f54d40f23) Importer(815301076,1909f56bfc062723c751e8b465ee728b)  -> (artifact id: 'd768cfc5eea24f993b405e76ed9dab3b') in 0.005511 seconds
Number of updated asset objects reloaded before import = 0
Number of asset objects unloaded after import = 9
========================================================================
Received Import Request.
  Time since last request: 0.000050 seconds.
  path: Assets/drive-download-20231211T194408Z-001/Models/FBX format/wall-opening.fbx
  artifactKey: Guid(4f0bf2af53b0a43cc8b54837bb862a17) Importer(815301076,1909f56bfc062723c751e8b465ee728b)
Start importing Assets/drive-download-20231211T194408Z-001/Models/FBX format/wall-opening.fbx using Guid(4f0bf2af53b0a43cc8b54837bb862a17) Importer(815301076,1909f56bfc062723c751e8b465ee728b)  -> (artifact id: '6f5ba964b71ea853e265b6ed7529462a') in 0.005925 seconds
Number of updated asset objects reloaded before import = 0
Number of asset objects unloaded after import = 9
========================================================================
Received Import Request.
  Time since last request: 0.000056 seconds.
  path: Assets/drive-download-20231211T194408Z-001/Models/FBX format/wall-half.fbx
  artifactKey: Guid(c89f298dec96741e4af1028124ab1c93) Importer(815301076,1909f56bfc062723c751e8b465ee728b)
Start importing Assets/drive-download-20231211T194408Z-001/Models/FBX format/wall-half.fbx using Guid(c89f298dec96741e4af1028124ab1c93) Importer(815301076,1909f56bfc062723c751e8b465ee728b)  -> (artifact id: 'f70686f9c8146bc3bbdb627f4a67850f') in 0.005746 seconds
Number of updated asset objects reloaded before import = 0
Number of asset objects unloaded after import = 9
========================================================================
Received Import Request.
  Time since last request: 2.283950 seconds.
  path: Assets/drive-download-20231211T194408Z-001/Models/OBJ format/banner.obj
  artifactKey: Guid(b408a0322e5b9471aaeb3046769c4db9) Importer(815301076,1909f56bfc062723c751e8b465ee728b)
Start importing Assets/drive-download-20231211T194408Z-001/Models/OBJ format/banner.obj using Guid(b408a0322e5b9471aaeb3046769c4db9) Importer(815301076,1909f56bfc062723c751e8b465ee728b)  -> (artifact id: '34012eae0c4e66aa6990a08011c25029') in 0.016842 seconds
Number of updated asset objects reloaded before import = 0
Number of asset objects unloaded after import = 11
========================================================================
Received Import Request.
  Time since last request: 0.000047 seconds.
  path: Assets/drive-download-20231211T194408Z-001/Models/OBJ format/wood-support.obj
  artifactKey: Guid(300053788077e430799387b83e2d8a9b) Importer(815301076,1909f56bfc062723c751e8b465ee728b)
Start importing Assets/drive-download-20231211T194408Z-001/Models/OBJ format/wood-support.obj using Guid(300053788077e430799387b83e2d8a9b) Importer(815301076,1909f56bfc062723c751e8b465ee728b)  -> (artifact id: '504654d7191bec7e9e5e2c8a48735ed8') in 0.009921 seconds
Number of updated asset objects reloaded before import = 0
Number of asset objects unloaded after import = 11
========================================================================
Received Import Request.
  Time since last request: 0.000103 seconds.
  path: Assets/drive-download-20231211T194408Z-001/Models/OBJ format/wall.obj
  artifactKey: Guid(6acffb3dd2d2a4b46899d422ff4c46ed) Importer(815301076,1909f56bfc062723c751e8b465ee728b)
Start importing Assets/drive-download-20231211T194408Z-001/Models/OBJ format/wall.obj using Guid(6acffb3dd2d2a4b46899d422ff4c46ed) Importer(815301076,1909f56bfc062723c751e8b465ee728b)  -> (artifact id: 'b62745bfc0d61e35df7937e0b5c28fa8') in 0.009422 seconds
Number of updated asset objects reloaded before import = 0
Number of asset objects unloaded after import = 11
========================================================================
Received Import Request.
  Time since last request: 0.000082 seconds.
  path: Assets/drive-download-20231211T194408Z-001/Models/OBJ format/wood-structure.obj
  artifactKey: Guid(70cc6ae494b774835b8a622a41f0a9a3) Importer(815301076,1909f56bfc062723c751e8b465ee728b)
Start importing Assets/drive-download-20231211T194408Z-001/Models/OBJ format/wood-structure.obj using Guid(70cc6ae494b774835b8a622a41f0a9a3) Importer(815301076,1909f56bfc062723c751e8b465ee728b)  -> (artifact id: 'e63898cb245fa7645d5d937388c4cf9b') in 0.008841 seconds
Number of updated asset objects reloaded before import = 0
Number of asset objects unloaded after import = 11
========================================================================
Received Import Request.
  Time since last request: 0.000027 seconds.
  path: Assets/drive-download-20231211T194408Z-001/Models/OBJ format/wall-half.obj
  artifactKey: Guid(b0e9f44eda9ca4476899d5da4da1ac16) Importer(815301076,1909f56bfc062723c751e8b465ee728b)
Start importing Assets/drive-download-20231211T194408Z-001/Models/OBJ format/wall-half.obj using Guid(b0e9f44eda9ca4476899d5da4da1ac16) Importer(815301076,1909f56bfc062723c751e8b465ee728b)  -> (artifact id: '0c803d5a40531bdb4a3a35e6fd5a1136') in 0.007872 seconds
Number of updated asset objects reloaded before import = 0
Number of asset objects unloaded after import = 11
========================================================================
Received Import Request.
  Time since last request: 0.000049 seconds.
  path: Assets/drive-download-20231211T194408Z-001/Models/OBJ format/trap.obj
  artifactKey: Guid(b83b55611929f4e0297b5071a4939f90) Importer(815301076,1909f56bfc062723c751e8b465ee728b)
Start importing Assets/drive-download-20231211T194408Z-001/Models/OBJ format/trap.obj using Guid(b83b55611929f4e0297b5071a4939f90) Importer(815301076,1909f56bfc062723c751e8b465ee728b)  -> (artifact id: '2740710681d308ddf960c89f9098a943') in 0.010147 seconds
Number of updated asset objects reloaded before import = 0
Number of asset objects unloaded after import = 16
========================================================================
Received Import Request.
  Time since last request: 0.000029 seconds.
  path: Assets/drive-download-20231211T194408Z-001/Models/OBJ format/character-orc.obj
  artifactKey: Guid(586af9b0c6295452681c2e71eaf82548) Importer(815301076,1909f56bfc062723c751e8b465ee728b)
Start importing Assets/drive-download-20231211T194408Z-001/Models/OBJ format/character-orc.obj using Guid(586af9b0c6295452681c2e71eaf82548) Importer(815301076,1909f56bfc062723c751e8b465ee728b)  -> (artifact id: '14679d9e892eeb7c84151b5dafed11b0') in 0.023094 seconds
Number of updated asset objects reloaded before import = 0
Number of asset objects unloaded after import = 36
========================================================================
Received Import Request.
  Time since last request: 0.000034 seconds.
  path: Assets/drive-download-20231211T194408Z-001/Models/OBJ format/floor-detail.obj
  artifactKey: Guid(b90cb2ab1a95f42aa93e5e17303a51cd) Importer(815301076,1909f56bfc062723c751e8b465ee728b)
Start importing Assets/drive-download-20231211T194408Z-001/Models/OBJ format/floor-detail.obj using Guid(b90cb2ab1a95f42aa93e5e17303a51cd) Importer(815301076,1909f56bfc062723c751e8b465ee728b)  -> (artifact id: '677678329991b63c41ed76c883bff6af') in 0.006591 seconds
Number of updated asset objects reloaded before import = 0
Number of asset objects unloaded after import = 11
========================================================================
Received Import Request.
  Time since last request: 0.000050 seconds.
  path: Assets/drive-download-20231211T194408Z-001/Models/OBJ format/dirt.obj
  artifactKey: Guid(e5eb1cb750ed8419a8eafce2c6534a4a) Importer(815301076,1909f56bfc062723c751e8b465ee728b)
Start importing Assets/drive-download-20231211T194408Z-001/Models/OBJ format/dirt.obj using Guid(e5eb1cb750ed8419a8eafce2c6534a4a) Importer(815301076,1909f56bfc062723c751e8b465ee728b)  -> (artifact id: 'e4d1e9a618cac1a7535f8f9b6efd7793') in 0.007318 seconds
Number of updated asset objects reloaded before import = 0
Number of asset objects unloaded after import = 11
========================================================================
Received Import Request.
  Time since last request: 21.062669 seconds.
  path: Assets/drive-download-20231211T194408Z-001/Previews
  artifactKey: Guid(27d06b4184ba240b78e495782ba7631f) Importer(815301076,1909f56bfc062723c751e8b465ee728b)
Start importing Assets/drive-download-20231211T194408Z-001/Previews using Guid(27d06b4184ba240b78e495782ba7631f) Importer(815301076,1909f56bfc062723c751e8b465ee728b)  -> (artifact id: '6503b4a47fa1cbd3e600188d41c8577e') in 0.000658 seconds
Number of updated asset objects reloaded before import = 0
Number of asset objects unloaded after import = 0
========================================================================
Received Import Request.
  Time since last request: 0.873313 seconds.
  path: Assets/drive-download-20231211T194408Z-001/Previews/banner.png
  artifactKey: Guid(3f193c20c5f6b447fbcb7b2284fc7c1f) Importer(815301076,1909f56bfc062723c751e8b465ee728b)
Start importing Assets/drive-download-20231211T194408Z-001/Previews/banner.png using Guid(3f193c20c5f6b447fbcb7b2284fc7c1f) Importer(815301076,1909f56bfc062723c751e8b465ee728b)  -> (artifact id: 'd49fe0ff0ed33094ee4ec1e0faa597d8') in 0.012616 seconds
Number of updated asset objects reloaded before import = 0
Number of asset objects unloaded after import = 2
========================================================================
Received Import Request.
  Time since last request: 0.000092 seconds.
  path: Assets/drive-download-20231211T194408Z-001/Previews/wall-narrow.png
  artifactKey: Guid(d48096340122f4b05a4b4732f5605f62) Importer(815301076,1909f56bfc062723c751e8b465ee728b)
Start importing Assets/drive-download-20231211T194408Z-001/Previews/wall-narrow.png using Guid(d48096340122f4b05a4b4732f5605f62) Importer(815301076,1909f56bfc062723c751e8b465ee728b)  -> (artifact id: '981e71f5ff80c4321852d14ec0a3445f') in 0.003643 seconds
Number of updated asset objects reloaded before import = 0
Number of asset objects unloaded after import = 2
========================================================================
Received Import Request.
  Time since last request: 0.000059 seconds.
  path: Assets/drive-download-20231211T194408Z-001/Previews/rocks.png
  artifactKey: Guid(ffeebe7cb933047689777a7e6f936c5d) Importer(815301076,1909f56bfc062723c751e8b465ee728b)
Start importing Assets/drive-download-20231211T194408Z-001/Previews/rocks.png using Guid(ffeebe7cb933047689777a7e6f936c5d) Importer(815301076,1909f56bfc062723c751e8b465ee728b)  -> (artifact id: '60665d88532214c82b9aab87a6dd85e3') in 0.002931 seconds
Number of updated asset objects reloaded before import = 0
Number of asset objects unloaded after import = 2
========================================================================
Received Import Request.
  Time since last request: 0.000058 seconds.
  path: Assets/drive-download-20231211T194408Z-001/Previews/stairs.png
  artifactKey: Guid(e817c89d16c1343bf8a6222dc9d309cf) Importer(815301076,1909f56bfc062723c751e8b465ee728b)
Start importing Assets/drive-download-20231211T194408Z-001/Previews/stairs.png using Guid(e817c89d16c1343bf8a6222dc9d309cf) Importer(815301076,1909f56bfc062723c751e8b465ee728b)  -> (artifact id: '2bbbc7de871ef5658ee4020179918d4f') in 0.002998 seconds
Number of updated asset objects reloaded before import = 0
Number of asset objects unloaded after import = 2
========================================================================
Received Import Request.
  Time since last request: 0.000060 seconds.
  path: Assets/drive-download-20231211T194408Z-001/Previews/gate.png
  artifactKey: Guid(57de58ceff1ae40efa7240b6a7655014) Importer(815301076,1909f56bfc062723c751e8b465ee728b)
Start importing Assets/drive-download-20231211T194408Z-001/Previews/gate.png using Guid(57de58ceff1ae40efa7240b6a7655014) Importer(815301076,1909f56bfc062723c751e8b465ee728b)  -> (artifact id: 'c6e2c8a3a9d795ccc49f0e4f40c1faf5') in 0.002459 seconds
Number of updated asset objects reloaded before import = 0
Number of asset objects unloaded after import = 2
========================================================================
Received Import Request.
  Time since last request: 0.000045 seconds.
  path: Assets/drive-download-20231211T194408Z-001/Previews/wood-structure.png
  artifactKey: Guid(da85c0fbb560548cc89c69404a39e408) Importer(815301076,1909f56bfc062723c751e8b465ee728b)
Start importing Assets/drive-download-20231211T194408Z-001/Previews/wood-structure.png using Guid(da85c0fbb560548cc89c69404a39e408) Importer(815301076,1909f56bfc062723c751e8b465ee728b)  -> (artifact id: 'e46b41a96f43eaf3019de9eaa2c035d7') in 0.002797 seconds
Number of updated asset objects reloaded before import = 0
Number of asset objects unloaded after import = 2
========================================================================
Received Import Request.
  Time since last request: 0.000073 seconds.
  path: Assets/drive-download-20231211T194408Z-001/Previews/floor-detail.png
  artifactKey: Guid(7f081ea0367994fe9a7c8ad897e3e843) Importer(815301076,1909f56bfc062723c751e8b465ee728b)
Start importing Assets/drive-download-20231211T194408Z-001/Previews/floor-detail.png using Guid(7f081ea0367994fe9a7c8ad897e3e843) Importer(815301076,1909f56bfc062723c751e8b465ee728b)  -> (artifact id: '2f1182181905744791407bf8d2a35494') in 0.002470 seconds
Number of updated asset objects reloaded before import = 0
Number of asset objects unloaded after import = 2
========================================================================
Received Import Request.
  Time since last request: 13.046658 seconds.
  path: Assets/drive-download-20231211T194525Z-001/Visit Kenney.url
  artifactKey: Guid(caf8214f9102b463a9755edbb9965492) Importer(815301076,1909f56bfc062723c751e8b465ee728b)
Start importing Assets/drive-download-20231211T194525Z-001/Visit Kenney.url using Guid(caf8214f9102b463a9755edbb9965492) Importer(815301076,1909f56bfc062723c751e8b465ee728b)  -> (artifact id: '81568a4e6dc2567b1b0403b3150460f8') in 0.001059 seconds
Number of updated asset objects reloaded before import = 0
Number of asset objects unloaded after import = 1
========================================================================
Received Import Request.
  Time since last request: 0.818830 seconds.
  path: Assets/drive-download-20231211T194525Z-001/Visit Patreon.url
  artifactKey: Guid(b4e19a013fd184e8a9e341c7a5866b11) Importer(815301076,1909f56bfc062723c751e8b465ee728b)
Start importing Assets/drive-download-20231211T194525Z-001/Visit Patreon.url using Guid(b4e19a013fd184e8a9e341c7a5866b11) Importer(815301076,1909f56bfc062723c751e8b465ee728b)  -> (artifact id: '10294b51bdbddac8f0f82cb4d5c0b899') in 0.001033 seconds
Number of updated asset objects reloaded before import = 0
Number of asset objects unloaded after import = 1
========================================================================
Received Import Request.
  Time since last request: 3.921117 seconds.
  path: Assets/drive-download-20231211T194525Z-001/License.txt
  artifactKey: Guid(8e3445bba26cc4666a269432912db1be) Importer(815301076,1909f56bfc062723c751e8b465ee728b)
Start importing Assets/drive-download-20231211T194525Z-001/License.txt using Guid(8e3445bba26cc4666a269432912db1be) Importer(815301076,1909f56bfc062723c751e8b465ee728b)  -> (artifact id: '76c23e63b1ca07eadbf87e72c58a4f3f') in 0.001016 seconds
Number of updated asset objects reloaded before import = 0
Number of asset objects unloaded after import = 1
========================================================================
Received Import Request.
  Time since last request: 481.494632 seconds.
  path: Assets/Models/Textures
  artifactKey: Guid(45cde2f2bc74b4477b3e99cefdfd2f0e) Importer(815301076,1909f56bfc062723c751e8b465ee728b)
Start importing Assets/Models/Textures using Guid(45cde2f2bc74b4477b3e99cefdfd2f0e) Importer(815301076,1909f56bfc062723c751e8b465ee728b)  -> (artifact id: 'aa397241dcca86a17aabfd04845e56ea') in 0.000576 seconds
Number of updated asset objects reloaded before import = 0
Number of asset objects unloaded after import = 0
========================================================================
Received Import Request.
  Time since last request: 0.139742 seconds.
  path: Assets/Models/Textures/variation-a.png
  artifactKey: Guid(9ab959150b5634a9eb84ddb09226b414) Importer(815301076,1909f56bfc062723c751e8b465ee728b)
Start importing Assets/Models/Textures/variation-a.png using Guid(9ab959150b5634a9eb84ddb09226b414) Importer(815301076,1909f56bfc062723c751e8b465ee728b)  -> (artifact id: 'f7092437c6c2e681f6a16cfa39a305af') in 0.006685 seconds
Number of updated asset objects reloaded before import = 0
Number of asset objects unloaded after import = 2
========================================================================
Received Import Request.
  Time since last request: 1.814101 seconds.
  path: Assets/FBX format/banner.fbx
  artifactKey: Guid(e368e998928694b7a997f0e3426cf295) Importer(815301076,1909f56bfc062723c751e8b465ee728b)
Start importing Assets/FBX format/banner.fbx using Guid(e368e998928694b7a997f0e3426cf295) Importer(815301076,1909f56bfc062723c751e8b465ee728b)  -> (artifact id: '1201f063e7e0b34469ac2abb4b1194d7') in 0.014200 seconds
Number of updated asset objects reloaded before import = 0
Number of asset objects unloaded after import = 9
========================================================================
Received Import Request.
  Time since last request: 0.000075 seconds.
  path: Assets/FBX format/wood-structure.fbx
  artifactKey: Guid(97bd77f744fcb411a8f8c55bb9e2ffed) Importer(815301076,1909f56bfc062723c751e8b465ee728b)
Start importing Assets/FBX format/wood-structure.fbx using Guid(97bd77f744fcb411a8f8c55bb9e2ffed) Importer(815301076,1909f56bfc062723c751e8b465ee728b)  -> (artifact id: '6b02d44b563bb727538e83c738207c67') in 0.009002 seconds
Number of updated asset objects reloaded before import = 0
Number of asset objects unloaded after import = 9
========================================================================
Received Import Request.
  Time since last request: 0.000030 seconds.
  path: Assets/FBX format/trap.fbx
  artifactKey: Guid(cf032a9fcc12f475bbed118031ce705a) Importer(815301076,1909f56bfc062723c751e8b465ee728b)
Start importing Assets/FBX format/trap.fbx using Guid(cf032a9fcc12f475bbed118031ce705a) Importer(815301076,1909f56bfc062723c751e8b465ee728b)  -> (artifact id: 'fc394213b3aeaae89b1724cb9acae9bc') in 0.012211 seconds
Number of updated asset objects reloaded before import = 0
Number of asset objects unloaded after import = 17
========================================================================
Received Import Request.
  Time since last request: 0.000101 seconds.
  path: Assets/FBX format/floor-detail.fbx
  artifactKey: Guid(a889dbd9b78a04770be4b7d8316172ff) Importer(815301076,1909f56bfc062723c751e8b465ee728b)
Start importing Assets/FBX format/floor-detail.fbx using Guid(a889dbd9b78a04770be4b7d8316172ff) Importer(815301076,1909f56bfc062723c751e8b465ee728b)  -> (artifact id: '2de3df38c1bedf62ffa73546c09d5ce2') in 0.006506 seconds
Number of updated asset objects reloaded before import = 0
Number of asset objects unloaded after import = 9
========================================================================
Received Import Request.
  Time since last request: 0.000040 seconds.
  path: Assets/FBX format/wall-narrow.fbx
  artifactKey: Guid(700f582e17335429195b22c08a4f74fd) Importer(815301076,1909f56bfc062723c751e8b465ee728b)
Start importing Assets/FBX format/wall-narrow.fbx using Guid(700f582e17335429195b22c08a4f74fd) Importer(815301076,1909f56bfc062723c751e8b465ee728b)  -> (artifact id: 'da6855cc19216e23e63f93373d587884') in 0.006142 seconds
Number of updated asset objects reloaded before import = 0
Number of asset objects unloaded after import = 9
========================================================================
Received Import Request.
  Time since last request: 0.000055 seconds.
  path: Assets/FBX format/column.fbx
  artifactKey: Guid(8f6d14156d66f4fa9a825f5ec61f94e1) Importer(815301076,1909f56bfc062723c751e8b465ee728b)
Start importing Assets/FBX format/column.fbx using Guid(8f6d14156d66f4fa9a825f5ec61f94e1) Importer(815301076,1909f56bfc062723c751e8b465ee728b)  -> (artifact id: 'd518cc91fbe784520c03a889d7fb7e8c') in 0.006130 seconds
Number of updated asset objects reloaded before import = 0
Number of asset objects unloaded after import = 9
========================================================================
Received Import Request.
  Time since last request: 0.000032 seconds.
  path: Assets/FBX format/dirt.fbx
  artifactKey: Guid(6f2e04eb8e20d43d2913ac6d51b851c1) Importer(815301076,1909f56bfc062723c751e8b465ee728b)
Start importing Assets/FBX format/dirt.fbx using Guid(6f2e04eb8e20d43d2913ac6d51b851c1) Importer(815301076,1909f56bfc062723c751e8b465ee728b)  -> (artifact id: '48ed82e376b7b887838c4794ae1182a3') in 0.005671 seconds
Number of updated asset objects reloaded before import = 0
Number of asset objects unloaded after import = 9
========================================================================
Received Import Request.
  Time since last request: 0.000046 seconds.
  path: Assets/FBX format/gate.fbx
  artifactKey: Guid(aac74926a82c348cfa95091ef0e1bb47) Importer(815301076,1909f56bfc062723c751e8b465ee728b)
Start importing Assets/FBX format/gate.fbx using Guid(aac74926a82c348cfa95091ef0e1bb47) Importer(815301076,1909f56bfc062723c751e8b465ee728b)  -> (artifact id: 'bd5e438fe402bfa6c9fc64ff7ba230a7') in 0.009709 seconds
Number of updated asset objects reloaded before import = 0
Number of asset objects unloaded after import = 14
========================================================================
Received Import Request.
  Time since last request: 0.000072 seconds.
  path: Assets/FBX format/chest.fbx
  artifactKey: Guid(0ab4b10d219bf49d2b235599a6fe3b83) Importer(815301076,1909f56bfc062723c751e8b465ee728b)
Start importing Assets/FBX format/chest.fbx using Guid(0ab4b10d219bf49d2b235599a6fe3b83) Importer(815301076,1909f56bfc062723c751e8b465ee728b)  -> (artifact id: 'e5bc17f1d263395285a0bcdb544a37ae') in 0.008971 seconds
Number of updated asset objects reloaded before import = 0
Number of asset objects unloaded after import = 17
========================================================================
Received Import Request.
  Time since last request: 0.000037 seconds.
  path: Assets/FBX format/stairs.fbx
  artifactKey: Guid(22b6d77b1fde4420fb03be4f54d40f23) Importer(815301076,1909f56bfc062723c751e8b465ee728b)
Start importing Assets/FBX format/stairs.fbx using Guid(22b6d77b1fde4420fb03be4f54d40f23) Importer(815301076,1909f56bfc062723c751e8b465ee728b)  -> (artifact id: '25f48dee42f6a928becb586592211ea3') in 0.006453 seconds
Number of updated asset objects reloaded before import = 0
Number of asset objects unloaded after import = 9
========================================================================
Received Import Request.
  Time since last request: 0.000032 seconds.
  path: Assets/FBX format/wall-opening.fbx
  artifactKey: Guid(4f0bf2af53b0a43cc8b54837bb862a17) Importer(815301076,1909f56bfc062723c751e8b465ee728b)
Start importing Assets/FBX format/wall-opening.fbx using Guid(4f0bf2af53b0a43cc8b54837bb862a17) Importer(815301076,1909f56bfc062723c751e8b465ee728b)  -> (artifact id: '87c4233a90dba2367ce50e514bd562dc') in 0.006040 seconds
Number of updated asset objects reloaded before import = 0
Number of asset objects unloaded after import = 9
========================================================================
Received Import Request.
  Time since last request: 0.000032 seconds.
  path: Assets/FBX format/wall-half.fbx
  artifactKey: Guid(c89f298dec96741e4af1028124ab1c93) Importer(815301076,1909f56bfc062723c751e8b465ee728b)
Start importing Assets/FBX format/wall-half.fbx using Guid(c89f298dec96741e4af1028124ab1c93) Importer(815301076,1909f56bfc062723c751e8b465ee728b)  -> (artifact id: 'd55364cae0f955f1e9f36253ff9bf14c') in 0.005637 seconds
Number of updated asset objects reloaded before import = 0
Number of asset objects unloaded after import = 9
========================================================================
Received Import Request.
  Time since last request: 12.367247 seconds.
  path: Assets/Models/barrel.fbx
  artifactKey: Guid(14b42e9704a5b44d88fe3fb1908e0585) Importer(815301076,1909f56bfc062723c751e8b465ee728b)
Start importing Assets/Models/barrel.fbx using Guid(14b42e9704a5b44d88fe3fb1908e0585) Importer(815301076,1909f56bfc062723c751e8b465ee728b)  -> (artifact id: '4ea2cbbd1e8849d13e822fded0a23a38') in 0.008445 seconds
Number of updated asset objects reloaded before import = 0
Number of asset objects unloaded after import = 9
========================================================================
Received Import Request.
  Time since last request: 0.000074 seconds.
  path: Assets/Models/wood-structure.fbx
  artifactKey: Guid(97bd77f744fcb411a8f8c55bb9e2ffed) Importer(815301076,1909f56bfc062723c751e8b465ee728b)
Start importing Assets/Models/wood-structure.fbx using Guid(97bd77f744fcb411a8f8c55bb9e2ffed) Importer(815301076,1909f56bfc062723c751e8b465ee728b)  -> (artifact id: '5656b7af20c955b09f3757f5db5400bb') in 0.006732 seconds
Number of updated asset objects reloaded before import = 0
Number of asset objects unloaded after import = 9
========================================================================
Received Import Request.
  Time since last request: 0.000050 seconds.
  path: Assets/Models/trap.fbx
  artifactKey: Guid(cf032a9fcc12f475bbed118031ce705a) Importer(815301076,1909f56bfc062723c751e8b465ee728b)
Start importing Assets/Models/trap.fbx using Guid(cf032a9fcc12f475bbed118031ce705a) Importer(815301076,1909f56bfc062723c751e8b465ee728b)  -> (artifact id: '02532dc55a628d2a20bde03255036dbb') in 0.009681 seconds
Number of updated asset objects reloaded before import = 0
Number of asset objects unloaded after import = 17
========================================================================
Received Import Request.
  Time since last request: 0.000034 seconds.
  path: Assets/Models/rocks.fbx
  artifactKey: Guid(d38e4ac70c73b436193878bf346d7a0c) Importer(815301076,1909f56bfc062723c751e8b465ee728b)
Start importing Assets/Models/rocks.fbx using Guid(d38e4ac70c73b436193878bf346d7a0c) Importer(815301076,1909f56bfc062723c751e8b465ee728b)  -> (artifact id: '1963dfc6210ed40c535a69e756ac6345') in 0.006106 seconds
Number of updated asset objects reloaded before import = 0
Number of asset objects unloaded after import = 9
========================================================================
Received Import Request.
  Time since last request: 0.000084 seconds.
  path: Assets/Models/character-orc.fbx
  artifactKey: Guid(309b63986c728456c830f5a597443961) Importer(815301076,1909f56bfc062723c751e8b465ee728b)
Start importing Assets/Models/character-orc.fbx using Guid(309b63986c728456c830f5a597443961) Importer(815301076,1909f56bfc062723c751e8b465ee728b)  -> (artifact id: '2cbd7793cd757c19a6b96a5faae12cf3') in 0.017919 seconds
Number of updated asset objects reloaded before import = 0
Number of asset objects unloaded after import = 63
========================================================================
Received Import Request.
  Time since last request: 0.000032 seconds.
  path: Assets/Models/stones.fbx
  artifactKey: Guid(db407b17843cc4e7f93d98939d867e57) Importer(815301076,1909f56bfc062723c751e8b465ee728b)
Start importing Assets/Models/stones.fbx using Guid(db407b17843cc4e7f93d98939d867e57) Importer(815301076,1909f56bfc062723c751e8b465ee728b)  -> (artifact id: 'b0ffcd07911c52188d9bae3269740ef6') in 0.006005 seconds
Number of updated asset objects reloaded before import = 0
Number of asset objects unloaded after import = 9
========================================================================
Received Import Request.
  Time since last request: 0.000035 seconds.
  path: Assets/Models/chest.fbx
  artifactKey: Guid(0ab4b10d219bf49d2b235599a6fe3b83) Importer(815301076,1909f56bfc062723c751e8b465ee728b)
Start importing Assets/Models/chest.fbx using Guid(0ab4b10d219bf49d2b235599a6fe3b83) Importer(815301076,1909f56bfc062723c751e8b465ee728b)  -> (artifact id: '181c254c76a872bbfbb9d1e5f36c7975') in 0.009466 seconds
Number of updated asset objects reloaded before import = 0
Number of asset objects unloaded after import = 17
========================================================================
Received Import Request.
  Time since last request: 0.000036 seconds.
  path: Assets/Models/wall.fbx
  artifactKey: Guid(1e2a1f0f07bd147cfaab9e705bd7cbcd) Importer(815301076,1909f56bfc062723c751e8b465ee728b)
Start importing Assets/Models/wall.fbx using Guid(1e2a1f0f07bd147cfaab9e705bd7cbcd) Importer(815301076,1909f56bfc062723c751e8b465ee728b)  -> (artifact id: 'b007d23ed242e04e85e8de7f98e76448') in 0.006392 seconds
Number of updated asset objects reloaded before import = 0
Number of asset objects unloaded after import = 9
========================================================================
Received Import Request.
  Time since last request: 0.000047 seconds.
  path: Assets/Models/wall-half.fbx
  artifactKey: Guid(c89f298dec96741e4af1028124ab1c93) Importer(815301076,1909f56bfc062723c751e8b465ee728b)
Start importing Assets/Models/wall-half.fbx using Guid(c89f298dec96741e4af1028124ab1c93) Importer(815301076,1909f56bfc062723c751e8b465ee728b)  -> (artifact id: '444c092cd134ba6ad57a496e96f2c49f') in 0.005897 seconds
Number of updated asset objects reloaded before import = 0
Number of asset objects unloaded after import = 9
